<?xml version="1.0" encoding="UTF-8"?>
<testsuite xmlns:xsi="http://www.w3.org/2001/XMLSchema-instance" xsi:noNamespaceSchemaLocation="https://maven.apache.org/surefire/maven-surefire-plugin/xsd/surefire-test-report.xsd" name="currencyconverterapplication.CurrencyExchangeServiceTest" time="4.267" tests="1" errors="1" skipped="0" failures="0">
  <properties>
[...]
</properties>
  <testcase name="getCurrentExchangeAmountTest" classname="currencyconverterapplication.CurrencyExchangeServiceTest" time="0.171">
    <error message="I/O error on GET request for &quot;http://localhost:8080/currency/convertion/from/usd/to/sgd/10&quot;: Connection refused (Connection refused); nested exception is java.net.ConnectException: Connection refused (Connection refused)" type="org.springframework.web.client.ResourceAccessException">org.springframework.web.client.ResourceAccessException: I/O error on GET request for "http://localhost:8080/currency/convertion/from/usd/to/sgd/10": Connection refused (Connection refused); nested exception is java.net.ConnectException: Connection refused (Connection refused)
	at currencyconverterapplication.CurrencyExchangeServiceTest.getCurrentExchangeAmountTest(CurrencyExchangeServiceTest.java:33)
Caused by: java.net.ConnectException: Connection refused (Connection refused)
	at currencyconverterapplication.CurrencyExchangeServiceTest.getCurrentExchangeAmountTest(CurrencyExchangeServiceTest.java:33)
</error>
    <system-out><![CDATA[03:10:35.565 [main] DEBUG org.springframework.test.context.BootstrapUtils - Instantiating CacheAwareContextLoaderDelegate from class [org.springframework.test.context.cache.DefaultCacheAwareContextLoaderDelegate]
03:10:35.579 [main] DEBUG org.springframework.test.context.BootstrapUtils - Instantiating BootstrapContext using constructor [public org.springframework.test.context.support.DefaultBootstrapContext(java.lang.Class,org.springframework.test.context.CacheAwareContextLoaderDelegate)]
03:10:35.604 [main] DEBUG org.springframework.test.context.BootstrapUtils - Instantiating TestContextBootstrapper for test class [currencyconverterapplication.CurrencyExchangeServiceTest] from class [org.springframework.boot.test.context.SpringBootTestContextBootstrapper]
03:10:35.622 [main] INFO org.springframework.boot.test.context.SpringBootTestContextBootstrapper - Neither @ContextConfiguration nor @ContextHierarchy found for test class [currencyconverterapplication.CurrencyExchangeServiceTest], using SpringBootContextLoader
03:10:35.629 [main] DEBUG org.springframework.test.context.support.AbstractContextLoader - Did not detect default resource location for test class [currencyconverterapplication.CurrencyExchangeServiceTest]: class path resource [currencyconverterapplication/CurrencyExchangeServiceTest-context.xml] does not exist
03:10:35.630 [main] DEBUG org.springframework.test.context.support.AbstractContextLoader - Did not detect default resource location for test class [currencyconverterapplication.CurrencyExchangeServiceTest]: class path resource [currencyconverterapplication/CurrencyExchangeServiceTestContext.groovy] does not exist
03:10:35.630 [main] INFO org.springframework.test.context.support.AbstractContextLoader - Could not detect default resource locations for test class [currencyconverterapplication.CurrencyExchangeServiceTest]: no resource found for suffixes {-context.xml, Context.groovy}.
03:10:35.681 [main] DEBUG org.springframework.test.context.support.ActiveProfilesUtils - Could not find an 'annotation declaring class' for annotation type [org.springframework.test.context.ActiveProfiles] and class [currencyconverterapplication.CurrencyExchangeServiceTest]
03:10:35.834 [main] DEBUG org.springframework.boot.test.context.SpringBootTestContextBootstrapper - @TestExecutionListeners is not present for class [currencyconverterapplication.CurrencyExchangeServiceTest]: using defaults.
03:10:35.835 [main] INFO org.springframework.boot.test.context.SpringBootTestContextBootstrapper - Loaded default TestExecutionListener class names from location [META-INF/spring.factories]: [org.springframework.boot.test.mock.mockito.MockitoTestExecutionListener, org.springframework.boot.test.mock.mockito.ResetMocksTestExecutionListener, org.springframework.boot.test.autoconfigure.restdocs.RestDocsTestExecutionListener, org.springframework.boot.test.autoconfigure.web.client.MockRestServiceServerResetTestExecutionListener, org.springframework.boot.test.autoconfigure.web.servlet.MockMvcPrintOnlyOnFailureTestExecutionListener, org.springframework.boot.test.autoconfigure.web.servlet.WebDriverTestExecutionListener, org.springframework.test.context.web.ServletTestExecutionListener, org.springframework.test.context.support.DirtiesContextBeforeModesTestExecutionListener, org.springframework.test.context.support.DependencyInjectionTestExecutionListener, org.springframework.test.context.support.DirtiesContextTestExecutionListener, org.springframework.test.context.transaction.TransactionalTestExecutionListener, org.springframework.test.context.jdbc.SqlScriptsTestExecutionListener, org.springframework.test.context.event.EventPublishingTestExecutionListener]
03:10:35.853 [main] INFO org.springframework.boot.test.context.SpringBootTestContextBootstrapper - Using TestExecutionListeners: [org.springframework.test.context.web.ServletTestExecutionListener@1e6454ec, org.springframework.test.context.support.DirtiesContextBeforeModesTestExecutionListener@2accdbb5, org.springframework.boot.test.mock.mockito.MockitoTestExecutionListener@b62d79, org.springframework.boot.test.autoconfigure.SpringBootDependencyInjectionTestExecutionListener@6631f5ca, org.springframework.test.context.support.DirtiesContextTestExecutionListener@5ace1ed4, org.springframework.test.context.transaction.TransactionalTestExecutionListener@1613674b, org.springframework.test.context.jdbc.SqlScriptsTestExecutionListener@27ff5d15, org.springframework.test.context.event.EventPublishingTestExecutionListener@4e096385, org.springframework.boot.test.mock.mockito.ResetMocksTestExecutionListener@649bec2e, org.springframework.boot.test.autoconfigure.restdocs.RestDocsTestExecutionListener@693fe6c9, org.springframework.boot.test.autoconfigure.web.client.MockRestServiceServerResetTestExecutionListener@34f5090e, org.springframework.boot.test.autoconfigure.web.servlet.MockMvcPrintOnlyOnFailureTestExecutionListener@31e5415e, org.springframework.boot.test.autoconfigure.web.servlet.WebDriverTestExecutionListener@a2431d0]
03:10:35.855 [main] DEBUG org.springframework.test.context.support.AbstractDirtiesContextTestExecutionListener - Before test class: context [DefaultTestContext@223aa2f7 testClass = CurrencyExchangeServiceTest, testInstance = [null], testMethod = [null], testException = [null], mergedContextConfiguration = [WebMergedContextConfiguration@6d3a388c testClass = CurrencyExchangeServiceTest, locations = '{}', classes = '{class com.genting.ram.starter.CurrencyConversionBootStarter, class com.genting.ram.starter.CurrencyConversionBootStarter}', contextInitializerClasses = '[]', activeProfiles = '{}', propertySourceLocations = '{}', propertySourceProperties = '{org.springframework.boot.test.context.SpringBootTestContextBootstrapper=true}', contextCustomizers = set[org.springframework.boot.test.context.filter.ExcludeFilterContextCustomizer@1a04f701, org.springframework.boot.test.json.DuplicateJsonObjectContextCustomizerFactory$DuplicateJsonObjectContextCustomizer@2bbf180e, org.springframework.boot.test.mock.mockito.MockitoContextCustomizer@0, org.springframework.boot.test.web.client.TestRestTemplateContextCustomizer@49c386c8, org.springframework.boot.test.autoconfigure.properties.PropertyMappingContextCustomizer@0, org.springframework.boot.test.autoconfigure.web.servlet.WebDriverContextCustomizerFactory$Customizer@1184ab05], resourceBasePath = 'src/main/webapp', contextLoader = 'org.springframework.boot.test.context.SpringBootContextLoader', parent = [null]], attributes = map['org.springframework.test.context.web.ServletTestExecutionListener.activateListener' -> true]], class annotated with @DirtiesContext [false] with mode [null].
03:10:35.875 [main] DEBUG org.springframework.test.context.support.TestPropertySourceUtils - Adding inlined properties to environment: {spring.jmx.enabled=false, org.springframework.boot.test.context.SpringBootTestContextBootstrapper=true, server.port=-1}

  .   ____          _            __ _ _
 /\\ / ___'_ __ _ _(_)_ __  __ _ \ \ \ \
( ( )\___ | '_ | '_| | '_ \/ _` | \ \ \ \
 \\/  ___)| |_)| | | | | || (_| |  ) ) ) )
  '  |____| .__|_| |_|_| |_\__, | / / / /
 =========|_|==============|___/=/_/_/_/
 :: Spring Boot ::        (v2.2.1.RELEASE)

2020-01-16 03:10:36.218  INFO 930 --- [           main] c.CurrencyExchangeServiceTest            : Starting CurrencyExchangeServiceTest on Ramss-MBP with PID 930 (started by ramssweety in /Users/ramssweety/Documents/java_ws/currencyconverterapplication)
2020-01-16 03:10:36.219  INFO 930 --- [           main] c.CurrencyExchangeServiceTest            : No active profile set, falling back to default profiles: default
2020-01-16 03:10:36.721  INFO 930 --- [           main] .s.d.r.c.RepositoryConfigurationDelegate : Bootstrapping Spring Data repositories in DEFAULT mode.
2020-01-16 03:10:36.771  INFO 930 --- [           main] .s.d.r.c.RepositoryConfigurationDelegate : Finished Spring Data repository scanning in 43ms. Found 1 repository interfaces.
2020-01-16 03:10:37.363  INFO 930 --- [           main] com.zaxxer.hikari.HikariDataSource       : HikariPool-1 - Starting...
2020-01-16 03:10:37.642  INFO 930 --- [           main] com.zaxxer.hikari.HikariDataSource       : HikariPool-1 - Start completed.
2020-01-16 03:10:37.712  INFO 930 --- [           main] o.hibernate.jpa.internal.util.LogHelper  : HHH000204: Processing PersistenceUnitInfo [name: default]
2020-01-16 03:10:37.811  INFO 930 --- [           main] org.hibernate.Version                    : HHH000412: Hibernate Core {5.4.8.Final}
2020-01-16 03:10:37.936  INFO 930 --- [           main] o.hibernate.annotations.common.Version   : HCANN000001: Hibernate Commons Annotations {5.1.0.Final}
2020-01-16 03:10:38.074  INFO 930 --- [           main] org.hibernate.dialect.Dialect            : HHH000400: Using dialect: org.hibernate.dialect.H2Dialect
2020-01-16 03:10:38.867  INFO 930 --- [           main] o.h.e.t.j.p.i.JtaPlatformInitiator       : HHH000490: Using JtaPlatform implementation: [org.hibernate.engine.transaction.jta.platform.internal.NoJtaPlatform]
2020-01-16 03:10:38.875  INFO 930 --- [           main] j.LocalContainerEntityManagerFactoryBean : Initialized JPA EntityManagerFactory for persistence unit 'default'
2020-01-16 03:10:39.438  INFO 930 --- [           main] o.s.b.a.h2.H2ConsoleAutoConfiguration    : H2 console available at '/h2-console'. Database available at 'jdbc:h2:mem:testdb'
2020-01-16 03:10:39.586  INFO 930 --- [           main] c.CurrencyExchangeServiceTest            : Started CurrencyExchangeServiceTest in 3.701 seconds (JVM running for 4.511)
]]></system-out>
  </testcase>
</testsuite>